<?xml version="1.0" encoding="UTF-8"?>
<!-- Generated by org.testng.reporters.JUnitReportReporter -->
<testsuite hostname="DESKTOP-NN7Q6CL" failures="0" tests="3" name="testcases.BookStoreTest" time="0.021" errors="0" timestamp="28 Oct 2022 03:12:57 GMT" skipped="0">
  <testcase classname="testcases.BookStoreTest" name="test4" time="0.012"/>
  <testcase classname="testcases.BookStoreTest" name="test4" time="0.005"/>
  <testcase classname="testcases.BookStoreTest" name="test4" time="0.004"/>
</testsuite> <!-- testcases.BookStoreTest -->
